A = 39859344
R = 0.702602
M001 3584 1414
M002 0 5908
M003 1162 2254 R
M004 826 5166
M005 1582 0
M006 3108 0
M007 1246 4802 R
M008 0 4494 R
M009 2198 2814
M010 0 826
M011 0 5138
M012 490 322 R
M013 1722 6776 R
M014 0 3570
M015 1680 1386
M016 392 0 R
M017 1190 0
M018 490 1120 R
M019 0 0
M020 4970 6678 R
M021 0 5516 R
M022 1246 4438
M023 0 2436 R
M024 2114 0 R
M025 3906 5712
M026 3234 1386
M027 826 6776 R
M028 3906 6818 R
M029 0 1442
M030 2394 6776
M031 672 7140 R
M032 3906 6034 R
M033 2198 3276 R
M034 2086 1694 R
M035 1190 756 R
M036 490 3360 R
M037 2170 2254
M038 4690 5712
M039 896 1610 R
M040 3178 2814
M041 3178 3682
M042 2856 1386 R
M043 4312 882
M044 3906 5082 R
M045 490 2198
M046 3108 882
M047 3906 4648 R
M048 2380 0 R
M049 2114 1302 R
