A = 1316149
R = 1.29791
b0 197 97 R
b1 505 382
b2 709 23 R
b3 1127 314
b4 283 765 R
b5 341 0 R
b6 824 837 R
b7 1274 491
b8 1137 860 R
b9 194 687 R
b10 321 625 R
b11 1232 425 R
b12 657 624 R
b13 803 43
b14 985 27 R
b15 0 0 R
b16 970 334
b17 224 130 R
b18 1055 604 R
b19 420 676 R
b20 748 243 R
b21 963 413
b22 1232 603
b23 624 768 R
b24 91 78
b25 898 439 R
b26 624 815
b27 264 221
b28 68 549
b29 980 644 R
b30 913 260
b31 670 646 R
b32 723 741
b33 1105 933 R
b34 81 683 R
b35 633 208 R
b36 624 835 R
b37 477 521
b38 1137 708
b39 1159 124
b40 311 194 R
b41 657 597
b42 292 139
b43 19 422
b44 492 666 R
b45 292 529 R
b46 463 978
b47 420 759 R
b48 216 430 R
b49 856 544
b50 0 668 R
b51 152 313 R
b52 533 89 R
b53 1127 434 R
b54 555 768
b55 0 39
b56 435 256 R
b57 921 589
b58 372 529 R
b59 576 850 R
b60 970 316 R
b61 670 624 R
b62 0 576
b63 572 679 R
b64 463 923 R
b65 182 760
b66 719 856 R
b67 985 91
b68 589 509
b69 763 207 R
b70 980 623 R
b71 124 0
b72 292 625 R
b73 910 544
b74 589 362
b75 533 108
b76 763 172
b77 937 456
b78 543 207 R
b79 764 759 R
b80 1137 586 R
b81 1188 200 R
b82 0 725
b83 271 97
b84 91 279 R
b85 589 472 R
b86 763 232 R
b87 657 537 R
b88 856 205
b89 982 756
b90 719 870 R
b91 672 656
b92 887 825 R
b93 709 0
b94 269 873 R
b95 1047 93
b96 1063 572 R
b97 345 823
b98 1222 275 R
b99 984 390
b100 506 303
b101 396 412
b102 895 70
b103 463 960 R
b104 347 227 R
b105 94 840 R
b106 292 711
b107 831 687
b108 856 591 R
b109 985 37 R
b110 464 834
b111 959 726 R
b112 678 472
b113 197 0 R
b114 391 273
b115 0 266 R
b116 850 897
b117 1137 804 R
b118 182 502 R
b119 986 988
b120 292 167 R
b121 418 0 R
b122 738 870
b123 506 0
b124 182 859 R
b125 576 805
b126 731 613 R
b127 292 273
b128 1031 91
b129 672 716 R
b130 1202 97
b131 1146 571 R
b132 492 805 R
b133 672 675
b134 824 793
b135 1159 0 R
b136 982 834
b137 412 638
b138 59 37
b139 125 932
b140 898 405 R
b141 786 759
b142 960 0 R
b143 1146 491
b144 986 890
b145 47 910
b146 0 306
b147 459 565
b148 27 244 R
b149 704 741 R
b150 0 422 R
b151 895 0 R
b152 462 165
b153 695 208
b154 748 716 R
b155 0 910 R
b156 589 303
b157 194 597
b158 176 130
b159 1232 365 R
b160 27 120 R
b161 806 704 R
b162 759 299 R
b163 1018 644 R
b164 369 939 R
b165 1202 0
b166 59 78 R
b167 292 453 R
b168 1009 904
b169 831 747
b170 1127 471 R
b171 1047 116 R
b172 983 233 R
b173 856 172 R
b174 509 633
b175 0 294
b176 159 177 R
b177 563 805 R
b178 528 521
b179 856 190 R
b180 1155 860
b181 923 617 R
b182 840 793
b183 420 834
b184 571 535 R
b185 1057 208
b186 763 108
b187 1192 229 R
b188 521 825 R
b189 311 220 R
b190 1047 0 R
b191 942 890
b192 1056 619 R
b193 787 664 R
b194 292 66 R
b195 506 207 R
b196 1067 491
b197 58 499 R
b198 194 528
b199 1225 200
b200 970 361 R
b201 1229 211 R
b202 391 363 R
b203 624 919
b204 885 86
b205 463 869 R
b206 803 0 R
b207 709 108 R
b208 1137 650 R
b209 970 233 R
b210 589 426
b211 970 181
b212 418 79 R
b213 130 549 R
b214 1254 491 R
b215 748 284 R
b216 1245 425
b217 463 947
b218 982 794
b219 471 0 R
b220 1137 748
b221 759 458
b222 657 509 R
b223 741 299 R
b224 0 802
b225 1232 498 R
b226 759 362
b227 292 368
b228 382 868 R
b229 90 768
b230 292 0 R
b231 0 886
b232 810 102 R
b233 673 292 R
b234 687 0 R
b235 180 430
b236 1201 804 R
b237 898 390
b238 59 0
b239 903 86
b240 868 456 R
b241 152 406
b242 1155 882
b243 506 55 R
b244 519 738
b245 292 194 R
b246 368 704 R
b247 980 453
b248 97 177
b249 1127 208
b250 718 922
b251 1067 346 R
b252 1057 842 R
b253 0 499 R
b254 980 538
b255 1047 159 R
b256 68 629
b257 81 712
b258 913 181 R
b259 1076 756
b260 283 734
b261 217 0
b262 477 468 R
b263 533 55 R
b264 937 495 R
b265 1145 0
b266 1127 403 R
b267 1067 282 R
b268 216 495
b269 0 279
b270 759 518 R
b271 283 823
b272 913 292
b273 808 207
b274 760 897 R
b275 386 165
b276 856 507
b277 955 439 R
b278 668 191 R
b279 528 550
b280 0 401 R
b281 412 610 R
b282 157 840 R
b283 369 868
b284 633 89
b285 913 86 R
b286 27 204 R
b287 1127 262 R
b288 182 901 R
b289 235 760 R
b290 341 65 R
b291 719 820
b292 1232 551
b293 576 861 R
b294 1056 687 R
b295 1177 0 R
b296 492 738
b297 604 0
b298 269 969
b299 380 453 R
